<?xml version="1.0" encoding="UTF-8"?>
<testng-results ignored="0" total="1" passed="1" failed="0" skipped="0">
  <reporter-output>
  </reporter-output>
  <suite started-at="2021-05-10T02:43:06 IST" name="Suite" finished-at="2021-05-10T02:43:08 IST" duration-ms="2460">
    <groups>
    </groups>
    <test started-at="2021-05-10T02:43:06 IST" name="Test" finished-at="2021-05-10T02:43:08 IST" duration-ms="2460">
      <class name="com.sampleApplication.orgDetails.test.FirstMavenClass">
        <test-method signature="test1()[pri:0, instance:com.sampleApplication.orgDetails.test.FirstMavenClass@2357d90a]" started-at="2021-05-10T02:43:06 IST" name="test1" finished-at="2021-05-10T02:43:08 IST" duration-ms="2429" status="PASS">
          <reporter-output>
          </reporter-output>
        </test-method> <!-- test1 -->
      </class> <!-- com.sampleApplication.orgDetails.test.FirstMavenClass -->
    </test> <!-- Test -->
  </suite> <!-- Suite -->
</testng-results>
